<?xml version="1.0" encoding="UTF-8"?>
<!-- Generated by org.testng.reporters.JUnitXMLReporter -->
<testsuite hostname="TAVLAPT568" ignored="15" name="Default test" tests="1" failures="1" timestamp="2021-02-28T01:28:28 IST" time="28.046" errors="0">
  <testcase name="tc_05" time="13.954" classname="com.bhiman.test.masters.CustomersTest">
    <failure type="java.lang.AssertionError" message="expected [Fareen] but found [Rahul]">
      <![CDATA[java.lang.AssertionError: expected [Fareen] but found [Rahul]
at org.testng.Assert.fail(Assert.java:97)
at org.testng.Assert.assertEqualsImpl(Assert.java:136)
at org.testng.Assert.assertEquals(Assert.java:118)
at org.testng.Assert.assertEquals(Assert.java:575)
at org.testng.Assert.assertEquals(Assert.java:585)
at com.bhiman.test.masters.CustomersTest.tc_05(CustomersTest.java:102)
at sun.reflect.NativeMethodAccessorImpl.invoke0(Native Method)
at sun.reflect.NativeMethodAccessorImpl.invoke(Unknown Source)
at sun.reflect.DelegatingMethodAccessorImpl.invoke(Unknown Source)
at java.lang.reflect.Method.invoke(Unknown Source)
at org.testng.internal.MethodInvocationHelper.invokeMethod(MethodInvocationHelper.java:135)
at org.testng.internal.TestInvoker.invokeMethod(TestInvoker.java:598)
at org.testng.internal.TestInvoker.invokeTestMethod(TestInvoker.java:174)
at org.testng.internal.MethodRunner.runInSequence(MethodRunner.java:46)
at org.testng.internal.TestInvoker$MethodInvocationAgent.invoke(TestInvoker.java:821)
at org.testng.internal.TestInvoker.invokeTestMethods(TestInvoker.java:147)
at org.testng.internal.TestMethodWorker.invokeTestMethods(TestMethodWorker.java:146)
at org.testng.internal.TestMethodWorker.run(TestMethodWorker.java:128)
at java.util.ArrayList.forEach(Unknown Source)
at org.testng.TestRunner.privateRun(TestRunner.java:767)
at org.testng.TestRunner.run(TestRunner.java:588)
at org.testng.SuiteRunner.runTest(SuiteRunner.java:384)
at org.testng.SuiteRunner.runSequentially(SuiteRunner.java:378)
at org.testng.SuiteRunner.privateRun(SuiteRunner.java:337)
at org.testng.SuiteRunner.run(SuiteRunner.java:286)
at org.testng.SuiteRunnerWorker.runSuite(SuiteRunnerWorker.java:53)
at org.testng.SuiteRunnerWorker.run(SuiteRunnerWorker.java:96)
at org.testng.TestNG.runSuitesSequentially(TestNG.java:1214)
at org.testng.TestNG.runSuitesLocally(TestNG.java:1136)
at org.testng.TestNG.runSuites(TestNG.java:1066)
at org.testng.TestNG.run(TestNG.java:1034)
at org.testng.remote.AbstractRemoteTestNG.run(AbstractRemoteTestNG.java:115)
at org.testng.remote.RemoteTestNG.initAndRun(RemoteTestNG.java:251)
at org.testng.remote.RemoteTestNG.main(RemoteTestNG.java:77)
]]>
    </failure>
  </testcase> <!-- tc_05 -->
  <testcase name="tc_07" time="0.0" classname="com.bhiman.test.masters.CustomersTest">
    <ignored/>
  </testcase> <!-- tc_07 -->
  <testcase name="tc_10" time="0.0" classname="com.bhiman.test.masters.CustomersTest">
    <ignored/>
  </testcase> <!-- tc_10 -->
  <testcase name="tc_09" time="0.0" classname="com.bhiman.test.masters.CustomersTest">
    <ignored/>
  </testcase> <!-- tc_09 -->
  <testcase name="tc_08" time="0.0" classname="com.bhiman.test.masters.CustomersTest">
    <ignored/>
  </testcase> <!-- tc_08 -->
  <testcase name="tc_02" time="0.0" classname="com.bhiman.test.masters.CustomersTest">
    <ignored/>
  </testcase> <!-- tc_02 -->
  <testcase name="tc_13" time="0.0" classname="com.bhiman.test.masters.CustomersTest">
    <ignored/>
  </testcase> <!-- tc_13 -->
  <testcase name="tc_01" time="0.0" classname="com.bhiman.test.masters.CustomersTest">
    <ignored/>
  </testcase> <!-- tc_01 -->
  <testcase name="tc_12" time="0.0" classname="com.bhiman.test.masters.CustomersTest">
    <ignored/>
  </testcase> <!-- tc_12 -->
  <testcase name="tc_11" time="0.0" classname="com.bhiman.test.masters.CustomersTest">
    <ignored/>
  </testcase> <!-- tc_11 -->
  <testcase name="tc_06" time="0.0" classname="com.bhiman.test.masters.CustomersTest">
    <ignored/>
  </testcase> <!-- tc_06 -->
  <testcase name="tc_16" time="0.0" classname="com.bhiman.test.masters.CustomersTest">
    <ignored/>
  </testcase> <!-- tc_16 -->
  <testcase name="tc_04" time="0.0" classname="com.bhiman.test.masters.CustomersTest">
    <ignored/>
  </testcase> <!-- tc_04 -->
  <testcase name="tc_15" time="0.0" classname="com.bhiman.test.masters.CustomersTest">
    <ignored/>
  </testcase> <!-- tc_15 -->
  <testcase name="tc_03" time="0.0" classname="com.bhiman.test.masters.CustomersTest">
    <ignored/>
  </testcase> <!-- tc_03 -->
  <testcase name="tc_14" time="0.0" classname="com.bhiman.test.masters.CustomersTest">
    <ignored/>
  </testcase> <!-- tc_14 -->
</testsuite> <!-- Default test -->
