<?xml version="1.0" encoding="UTF-8"?>
<!-- Generated by org.testng.reporters.JUnitXMLReporter -->
<testsuite ignored="0" hostname="DESKTOP-V8KH0U1" failures="4" tests="36" name="MastersTest" time="799.545" errors="0" timestamp="2021-02-25T20:38:27 IST">
  <testcase classname="com.bhiman.test.masters.BanksTest" name="verifyAccountName" time="0.205"/>
  <testcase classname="com.bhiman.test.masters.BanksTest" name="verifyAccountNo" time="0.011"/>
  <testcase classname="com.bhiman.test.masters.BanksTest" name="verifyBankAccountTypeToSelectCurrent" time="0.008"/>
  <testcase classname="com.bhiman.test.masters.BanksTest" name="verifyBankAccountTypeToSelectSavings" time="0.005"/>
  <testcase classname="com.bhiman.test.masters.BanksTest" name="verifyBankName" time="4.334"/>
  <testcase classname="com.bhiman.test.masters.BanksTest" name="verifyClickOnAddBankButton" time="4.787"/>
  <testcase classname="com.bhiman.test.masters.BanksTest" name="verifyClickOnBanksInMasters" time="3.656"/>
  <testcase classname="com.bhiman.test.masters.BanksTest" name="verifyClickOnCSVButton" time="6.256"/>
  <testcase classname="com.bhiman.test.masters.BanksTest" name="verifyClickOnCopyButton" time="4.081"/>
  <testcase classname="com.bhiman.test.masters.BanksTest" name="verifyClickOnDeleteIcon" time="4.231"/>
  <testcase classname="com.bhiman.test.masters.BanksTest" name="verifyClickOnDeleteIconAndClickCancelOnAlert" time="3.78"/>
  <testcase classname="com.bhiman.test.masters.BanksTest" name="verifyClickOnDeleteIconAndClickOKOnAlert" time="4.087">
    <failure type="org.openqa.selenium.NoSuchElementException" message="no such element: Unable to locate element: {&amp;quot;method&amp;quot;:&amp;quot;xpath&amp;quot;,&amp;quot;selector&amp;quot;:&amp;quot;//button[@class=&amp;apos;btn btn-danger btn-border btn-rounded btn-xs deleteBtn&amp;apos; and @data-id = &amp;apos;68&amp;apos;]&amp;quot;}
  (Session info: chrome=88.0.4324.182)
For documentation on this error, please visit: https://www.seleniumhq.org/exceptions/no_such_element.html
Build info: version: &amp;apos;3.141.59&amp;apos;, revision: &amp;apos;e82be7d358&amp;apos;, time: &amp;apos;2018-11-14T08:17:03&amp;apos;
System info: host: &amp;apos;DESKTOP-V8KH0U1&amp;apos;, ip: &amp;apos;192.168.0.103&amp;apos;, os.name: &amp;apos;Windows 10&amp;apos;, os.arch: &amp;apos;amd64&amp;apos;, os.version: &amp;apos;10.0&amp;apos;, java.version: &amp;apos;11.0.10&amp;apos;
Driver info: org.openqa.selenium.chrome.ChromeDriver
Capabilities {acceptInsecureCerts: false, browserName: chrome, browserVersion: 88.0.4324.182, chrome: {chromedriverVersion: 88.0.4324.96 (68dba2d8a0b14..., userDataDir: C:\Users\Lenovo\AppData\Loc...}, goog:chromeOptions: {debuggerAddress: localhost:55849}, javascriptEnabled: true, networkConnectionEnabled: false, pageLoadStrategy: normal, platform: WINDOWS, platformName: WINDOWS, proxy: Proxy(), setWindowRect: true, strictFileInteractability: false, timeouts: {implicit: 0, pageLoad: 300000, script: 30000}, unhandledPromptBehavior: dismiss and notify, webauthn:extension:largeBlob: true, webauthn:virtualAuthenticators: true}
Session ID: 155210f86cd88d0934c3cd7fd53699af
*** Element info: {Using=xpath, value=//button[@class=&amp;apos;btn btn-danger btn-border btn-rounded btn-xs deleteBtn&amp;apos; and @data-id = &amp;apos;68&amp;apos;]}">
      <![CDATA[org.openqa.selenium.NoSuchElementException: no such element: Unable to locate element: {"method":"xpath","selector":"//button[@class='btn btn-danger btn-border btn-rounded btn-xs deleteBtn' and @data-id = '68']"}
  (Session info: chrome=88.0.4324.182)
For documentation on this error, please visit: https://www.seleniumhq.org/exceptions/no_such_element.html
Build info: version: '3.141.59', revision: 'e82be7d358', time: '2018-11-14T08:17:03'
System info: host: 'DESKTOP-V8KH0U1', ip: '192.168.0.103', os.name: 'Windows 10', os.arch: 'amd64', os.version: '10.0', java.version: '11.0.10'
Driver info: org.openqa.selenium.chrome.ChromeDriver
Capabilities {acceptInsecureCerts: false, browserName: chrome, browserVersion: 88.0.4324.182, chrome: {chromedriverVersion: 88.0.4324.96 (68dba2d8a0b14..., userDataDir: C:\Users\Lenovo\AppData\Loc...}, goog:chromeOptions: {debuggerAddress: localhost:55849}, javascriptEnabled: true, networkConnectionEnabled: false, pageLoadStrategy: normal, platform: WINDOWS, platformName: WINDOWS, proxy: Proxy(), setWindowRect: true, strictFileInteractability: false, timeouts: {implicit: 0, pageLoad: 300000, script: 30000}, unhandledPromptBehavior: dismiss and notify, webauthn:extension:largeBlob: true, webauthn:virtualAuthenticators: true}
Session ID: 155210f86cd88d0934c3cd7fd53699af
*** Element info: {Using=xpath, value=//button[@class='btn btn-danger btn-border btn-rounded btn-xs deleteBtn' and @data-id = '68']}
at org.openqa.selenium.remote.http.W3CHttpResponseCodec.createException(W3CHttpResponseCodec.java:187)
at org.openqa.selenium.remote.http.W3CHttpResponseCodec.decode(W3CHttpResponseCodec.java:122)
at org.openqa.selenium.remote.http.W3CHttpResponseCodec.decode(W3CHttpResponseCodec.java:49)
at org.openqa.selenium.remote.HttpCommandExecutor.execute(HttpCommandExecutor.java:158)
at org.openqa.selenium.remote.service.DriverCommandExecutor.execute(DriverCommandExecutor.java:83)
at org.openqa.selenium.remote.RemoteWebDriver.execute(RemoteWebDriver.java:552)
at org.openqa.selenium.remote.RemoteWebDriver.findElement(RemoteWebDriver.java:323)
at org.openqa.selenium.remote.RemoteWebDriver.findElementByXPath(RemoteWebDriver.java:428)
at org.openqa.selenium.By$ByXPath.findElement(By.java:353)
at org.openqa.selenium.remote.RemoteWebDriver.findElement(RemoteWebDriver.java:315)
at org.openqa.selenium.support.pagefactory.DefaultElementLocator.findElement(DefaultElementLocator.java:69)
at org.openqa.selenium.support.pagefactory.internal.LocatingElementHandler.invoke(LocatingElementHandler.java:38)
at com.sun.proxy.$Proxy14.click(Unknown Source)
at com.bhiman.main.UIKeywords.clickOnElement(UIKeywords.java:52)
at com.bhiman.main.masters.Banks.clickOnDeleteIcon(Banks.java:164)
at com.bhiman.test.masters.BanksTest.verifyClickOnDeleteIconAndClickOKOnAlert(BanksTest.java:160)
at java.base/java.util.ArrayList.forEach(ArrayList.java:1541)
... Removed 31 stack frames]]>
    </failure>
  </testcase> <!-- verifyClickOnDeleteIconAndClickOKOnAlert -->
  <testcase classname="com.bhiman.test.masters.BanksTest" name="verifyClickOnEditIcon" time="4.116">
    <failure type="org.openqa.selenium.NoSuchElementException" message="no such element: Unable to locate element: {&amp;quot;method&amp;quot;:&amp;quot;xpath&amp;quot;,&amp;quot;selector&amp;quot;:&amp;quot;//button[@class=&amp;apos;btn btn-primary btn-border btn-rounded btn-xs editBtn&amp;apos; and @data-id = &amp;apos;68&amp;apos;]&amp;quot;}
  (Session info: chrome=88.0.4324.182)
For documentation on this error, please visit: https://www.seleniumhq.org/exceptions/no_such_element.html
Build info: version: &amp;apos;3.141.59&amp;apos;, revision: &amp;apos;e82be7d358&amp;apos;, time: &amp;apos;2018-11-14T08:17:03&amp;apos;
System info: host: &amp;apos;DESKTOP-V8KH0U1&amp;apos;, ip: &amp;apos;192.168.0.103&amp;apos;, os.name: &amp;apos;Windows 10&amp;apos;, os.arch: &amp;apos;amd64&amp;apos;, os.version: &amp;apos;10.0&amp;apos;, java.version: &amp;apos;11.0.10&amp;apos;
Driver info: org.openqa.selenium.chrome.ChromeDriver
Capabilities {acceptInsecureCerts: false, browserName: chrome, browserVersion: 88.0.4324.182, chrome: {chromedriverVersion: 88.0.4324.96 (68dba2d8a0b14..., userDataDir: C:\Users\Lenovo\AppData\Loc...}, goog:chromeOptions: {debuggerAddress: localhost:55891}, javascriptEnabled: true, networkConnectionEnabled: false, pageLoadStrategy: normal, platform: WINDOWS, platformName: WINDOWS, proxy: Proxy(), setWindowRect: true, strictFileInteractability: false, timeouts: {implicit: 0, pageLoad: 300000, script: 30000}, unhandledPromptBehavior: dismiss and notify, webauthn:extension:largeBlob: true, webauthn:virtualAuthenticators: true}
Session ID: e97b43b1058b99e8243efe812b140210
*** Element info: {Using=xpath, value=//button[@class=&amp;apos;btn btn-primary btn-border btn-rounded btn-xs editBtn&amp;apos; and @data-id = &amp;apos;68&amp;apos;]}">
      <![CDATA[org.openqa.selenium.NoSuchElementException: no such element: Unable to locate element: {"method":"xpath","selector":"//button[@class='btn btn-primary btn-border btn-rounded btn-xs editBtn' and @data-id = '68']"}
  (Session info: chrome=88.0.4324.182)
For documentation on this error, please visit: https://www.seleniumhq.org/exceptions/no_such_element.html
Build info: version: '3.141.59', revision: 'e82be7d358', time: '2018-11-14T08:17:03'
System info: host: 'DESKTOP-V8KH0U1', ip: '192.168.0.103', os.name: 'Windows 10', os.arch: 'amd64', os.version: '10.0', java.version: '11.0.10'
Driver info: org.openqa.selenium.chrome.ChromeDriver
Capabilities {acceptInsecureCerts: false, browserName: chrome, browserVersion: 88.0.4324.182, chrome: {chromedriverVersion: 88.0.4324.96 (68dba2d8a0b14..., userDataDir: C:\Users\Lenovo\AppData\Loc...}, goog:chromeOptions: {debuggerAddress: localhost:55891}, javascriptEnabled: true, networkConnectionEnabled: false, pageLoadStrategy: normal, platform: WINDOWS, platformName: WINDOWS, proxy: Proxy(), setWindowRect: true, strictFileInteractability: false, timeouts: {implicit: 0, pageLoad: 300000, script: 30000}, unhandledPromptBehavior: dismiss and notify, webauthn:extension:largeBlob: true, webauthn:virtualAuthenticators: true}
Session ID: e97b43b1058b99e8243efe812b140210
*** Element info: {Using=xpath, value=//button[@class='btn btn-primary btn-border btn-rounded btn-xs editBtn' and @data-id = '68']}
at org.openqa.selenium.remote.http.W3CHttpResponseCodec.createException(W3CHttpResponseCodec.java:187)
at org.openqa.selenium.remote.http.W3CHttpResponseCodec.decode(W3CHttpResponseCodec.java:122)
at org.openqa.selenium.remote.http.W3CHttpResponseCodec.decode(W3CHttpResponseCodec.java:49)
at org.openqa.selenium.remote.HttpCommandExecutor.execute(HttpCommandExecutor.java:158)
at org.openqa.selenium.remote.service.DriverCommandExecutor.execute(DriverCommandExecutor.java:83)
at org.openqa.selenium.remote.RemoteWebDriver.execute(RemoteWebDriver.java:552)
at org.openqa.selenium.remote.RemoteWebDriver.findElement(RemoteWebDriver.java:323)
at org.openqa.selenium.remote.RemoteWebDriver.findElementByXPath(RemoteWebDriver.java:428)
at org.openqa.selenium.By$ByXPath.findElement(By.java:353)
at org.openqa.selenium.remote.RemoteWebDriver.findElement(RemoteWebDriver.java:315)
at org.openqa.selenium.support.pagefactory.DefaultElementLocator.findElement(DefaultElementLocator.java:69)
at org.openqa.selenium.support.pagefactory.internal.LocatingElementHandler.invoke(LocatingElementHandler.java:38)
at com.sun.proxy.$Proxy14.click(Unknown Source)
at com.bhiman.main.UIKeywords.clickOnElement(UIKeywords.java:52)
at com.bhiman.main.masters.Banks.clickOnEditIcon(Banks.java:158)
at com.bhiman.test.masters.BanksTest.verifyClickOnEditIcon(BanksTest.java:138)
at java.base/java.util.ArrayList.forEach(ArrayList.java:1541)
... Removed 31 stack frames]]>
    </failure>
  </testcase> <!-- verifyClickOnEditIcon -->
  <testcase classname="com.bhiman.test.masters.BanksTest" name="verifyClickOnExcelButton" time="6.503"/>
  <testcase classname="com.bhiman.test.masters.BanksTest" name="verifyClickOnPDFButton" time="7.694"/>
  <testcase classname="com.bhiman.test.masters.BanksTest" name="verifyClickOnPrintButton" time="4.52"/>
  <testcase classname="com.bhiman.test.masters.BanksTest" name="verifyClickOnViewBankButton" time="0.022">
    <failure type="java.lang.AssertionError" message="expected [http://103.50.162.196/testing/bank.php#] but found [http://103.50.162.196/testing/index.php]">
      <![CDATA[java.lang.AssertionError: expected [http://103.50.162.196/testing/bank.php#] but found [http://103.50.162.196/testing/index.php]
at com.bhiman.test.masters.BanksTest.verifyClickOnViewBankButton(BanksTest.java:255)
at java.base/java.util.ArrayList.forEach(ArrayList.java:1541)
... Removed 33 stack frames]]>
    </failure>
  </testcase> <!-- verifyClickOnViewBankButton -->
  <testcase classname="com.bhiman.test.masters.BanksTest" name="verifyIFSCCode" time="0.004"/>
  <testcase classname="com.bhiman.test.masters.BanksTest" name="verifyMICRCode" time="0.004"/>
  <testcase classname="com.bhiman.test.masters.BanksTest" name="verifySearchBoxWithInValidText" time="4.149"/>
  <testcase classname="com.bhiman.test.masters.BanksTest" name="verifySearchBoxWithValidText" time="4.264"/>
  <testcase classname="com.bhiman.test.masters.BanksTest" name="verifyBanksInMasters" time="2.245"/>
  <testcase classname="com.bhiman.test.masters.UsersTest" name="verifyClickOnCopyButton" time="1.846"/>
  <testcase classname="com.bhiman.test.masters.UsersTest" name="verifyClickOnExcelButton" time="1.728"/>
  <testcase classname="com.bhiman.test.masters.UsersTest" name="verifyUsersInMasters" time="2.102"/>
  <testcase classname="com.bhiman.test.masters.UsersTest" name="verifyaddUserinUsers" time="1.81"/>
  <testcase classname="com.bhiman.test.masters.BrokersTest" name="toCheckBrokersOption" time="5.18"/>
  <testcase classname="com.bhiman.test.masters.BrokersTest" name="clickOnCopyBtnOnBroker" time="8.674"/>
  <testcase classname="com.bhiman.test.masters.BrokersTest" name="clickOnExcelBtn" time="10.755"/>
  <testcase classname="com.bhiman.test.masters.BrokersTest" name="clickOnPDFBtn" time="11.567"/>
  <testcase classname="com.bhiman.test.masters.BrokersTest" name="clickOnPrintBtn" time="11.462"/>
  <testcase classname="com.bhiman.test.masters.BrokersTest" name="clickOnViewBrokers" time="9.011"/>
  <testcase classname="com.bhiman.test.masters.BrokersTest" name="clickingOnBrokersPageFromMasters" time="8.56"/>
  <testcase classname="com.bhiman.test.masters.EnquiryTests" name="tc_01" time="17.488"/>
  <testcase classname="com.bhiman.test.masters.EnquiryTests" name="tc_05" time="4.51"/>
  <testcase classname="com.bhiman.test.masters.EnquiryTests" name="tc_invalid01" time="10.246">
    <failure type="org.openqa.selenium.ElementNotInteractableException" message="element not interactable
  (Session info: chrome=88.0.4324.182)
Build info: version: &amp;apos;3.141.59&amp;apos;, revision: &amp;apos;e82be7d358&amp;apos;, time: &amp;apos;2018-11-14T08:17:03&amp;apos;
System info: host: &amp;apos;DESKTOP-V8KH0U1&amp;apos;, ip: &amp;apos;192.168.0.103&amp;apos;, os.name: &amp;apos;Windows 10&amp;apos;, os.arch: &amp;apos;amd64&amp;apos;, os.version: &amp;apos;10.0&amp;apos;, java.version: &amp;apos;11.0.10&amp;apos;
Driver info: org.openqa.selenium.chrome.ChromeDriver
Capabilities {acceptInsecureCerts: false, browserName: chrome, browserVersion: 88.0.4324.182, chrome: {chromedriverVersion: 88.0.4324.96 (68dba2d8a0b14..., userDataDir: C:\Users\Lenovo\AppData\Loc...}, goog:chromeOptions: {debuggerAddress: localhost:56829}, javascriptEnabled: true, networkConnectionEnabled: false, pageLoadStrategy: normal, platform: WINDOWS, platformName: WINDOWS, proxy: Proxy(), setWindowRect: true, strictFileInteractability: false, timeouts: {implicit: 0, pageLoad: 300000, script: 30000}, unhandledPromptBehavior: dismiss and notify, webauthn:extension:largeBlob: true, webauthn:virtualAuthenticators: true}
Session ID: f4fb784cac736897e0c1018aec672330">
      <![CDATA[org.openqa.selenium.ElementNotInteractableException: element not interactable
  (Session info: chrome=88.0.4324.182)
Build info: version: '3.141.59', revision: 'e82be7d358', time: '2018-11-14T08:17:03'
System info: host: 'DESKTOP-V8KH0U1', ip: '192.168.0.103', os.name: 'Windows 10', os.arch: 'amd64', os.version: '10.0', java.version: '11.0.10'
Driver info: org.openqa.selenium.chrome.ChromeDriver
Capabilities {acceptInsecureCerts: false, browserName: chrome, browserVersion: 88.0.4324.182, chrome: {chromedriverVersion: 88.0.4324.96 (68dba2d8a0b14..., userDataDir: C:\Users\Lenovo\AppData\Loc...}, goog:chromeOptions: {debuggerAddress: localhost:56829}, javascriptEnabled: true, networkConnectionEnabled: false, pageLoadStrategy: normal, platform: WINDOWS, platformName: WINDOWS, proxy: Proxy(), setWindowRect: true, strictFileInteractability: false, timeouts: {implicit: 0, pageLoad: 300000, script: 30000}, unhandledPromptBehavior: dismiss and notify, webauthn:extension:largeBlob: true, webauthn:virtualAuthenticators: true}
Session ID: f4fb784cac736897e0c1018aec672330
at org.openqa.selenium.remote.http.W3CHttpResponseCodec.createException(W3CHttpResponseCodec.java:187)
at org.openqa.selenium.remote.http.W3CHttpResponseCodec.decode(W3CHttpResponseCodec.java:122)
at org.openqa.selenium.remote.http.W3CHttpResponseCodec.decode(W3CHttpResponseCodec.java:49)
at org.openqa.selenium.remote.HttpCommandExecutor.execute(HttpCommandExecutor.java:158)
at org.openqa.selenium.remote.service.DriverCommandExecutor.execute(DriverCommandExecutor.java:83)
at org.openqa.selenium.remote.RemoteWebDriver.execute(RemoteWebDriver.java:552)
at org.openqa.selenium.remote.RemoteWebElement.execute(RemoteWebElement.java:285)
at org.openqa.selenium.remote.RemoteWebElement.click(RemoteWebElement.java:84)
at org.openqa.selenium.support.pagefactory.internal.LocatingElementHandler.invoke(LocatingElementHandler.java:51)
at com.sun.proxy.$Proxy14.click(Unknown Source)
at com.bhiman.main.UIKeywords.clickOnElement(UIKeywords.java:52)
at com.bhiman.main.masters.Enquiry.clickOnCancelButton(Enquiry.java:148)
at com.bhiman.test.masters.EnquiryTests.tc_invalid01(EnquiryTests.java:59)
at java.base/java.util.ArrayList.forEach(ArrayList.java:1541)
... Removed 34 stack frames]]>
    </failure>
  </testcase> <!-- tc_invalid01 -->
</testsuite> <!-- MastersTest -->
