<html>
<head>
<title>TestNG:  MastersTest</title>
<link href="../testng.css" rel="stylesheet" type="text/css" />
<link href="../my-testng.css" rel="stylesheet" type="text/css" />

<style type="text/css">
.log { display: none;} 
.stack-trace { display: none;} 
</style>
<script type="text/javascript">
<!--
function flip(e) {
  current = e.style.display;
  if (current == 'block') {
    e.style.display = 'none';
    return 0;
  }
  else {
    e.style.display = 'block';
    return 1;
  }
}

function toggleBox(szDivId, elem, msg1, msg2)
{
  var res = -1;  if (document.getElementById) {
    res = flip(document.getElementById(szDivId));
  }
  else if (document.all) {
    // this is the way old msie versions work
    res = flip(document.all[szDivId]);
  }
  if(elem) {
    if(res == 0) elem.innerHTML = msg1; else elem.innerHTML = msg2;
  }

}

function toggleAllBoxes() {
  if (document.getElementsByTagName) {
    d = document.getElementsByTagName('div');
    for (i = 0; i < d.length; i++) {
      if (d[i].className == 'log') {
        flip(d[i]);
      }
    }
  }
}

// -->
</script>

</head>
<body>
<h2 align='center'>MastersTest</h2><table border='1' align="center">
<tr>
<td>Tests passed/Failed/Skipped:</td><td>32/4/0</td>
</tr><tr>
<td>Started on:</td><td>Thu Feb 25 20:25:07 IST 2021</td>
</tr>
<tr><td>Total time:</td><td>799 seconds (799545 ms)</td>
</tr><tr>
<td>Included groups:</td><td></td>
</tr><tr>
<td>Excluded groups:</td><td></td>
</tr>
</table><p/>
<small><i>(Hover the method name to see the test class name)</i></small><p/>
<table width='100%' border='1' class='invocation-failed'>
<tr><td colspan='4' align='center'><b>FAILED TESTS</b></td></tr>
<tr><td><b>Test method</b></td>
<td width="30%"><b>Exception</b></td>
<td width="10%"><b>Time (seconds)</b></td>
<td><b>Instance</b></td>
</tr>
<tr>
<td title='com.bhiman.test.masters.EnquiryTests.tc_invalid01()'><b>tc_invalid01</b><br>Test class: com.bhiman.test.masters.EnquiryTests</td>
<td><div><pre>org.openqa.selenium.ElementNotInteractableException: element not interactable
  (Session info: chrome=88.0.4324.182)
Build info: version: &apos;3.141.59&apos;, revision: &apos;e82be7d358&apos;, time: &apos;2018-11-14T08:17:03&apos;
System info: host: &apos;DESKTOP-V8KH0U1&apos;, ip: &apos;192.168.0.103&apos;, os.name: &apos;Windows 10&apos;, os.arch: &apos;amd64&apos;, os.version: &apos;10.0&apos;, java.version: &apos;11.0.10&apos;
Driver info: org.openqa.selenium.chrome.ChromeDriver
Capabilities {acceptInsecureCerts: false, browserName: chrome, browserVersion: 88.0.4324.182, chrome: {chromedriverVersion: 88.0.4324.96 (68dba2d8a0b14..., userDataDir: C:\Users\Lenovo\AppData\Loc...}, goog:chromeOptions: {debuggerAddress: localhost:56829}, javascriptEnabled: true, networkConnectionEnabled: false, pageLoadStrategy: normal, platform: WINDOWS, platformName: WINDOWS, proxy: Proxy(), setWindowRect: true, strictFileInteractability: false, timeouts: {implicit: 0, pageLoad: 300000, script: 30000}, unhandledPromptBehavior: dismiss and notify, webauthn:extension:largeBlob: true, webauthn:virtualAuthenticators: true}
Session ID: f4fb784cac736897e0c1018aec672330
	at org.openqa.selenium.remote.http.W3CHttpResponseCodec.createException(W3CHttpResponseCodec.java:187)
	at org.openqa.selenium.remote.http.W3CHttpResponseCodec.decode(W3CHttpResponseCodec.java:122)
	at org.openqa.selenium.remote.http.W3CHttpResponseCodec.decode(W3CHttpResponseCodec.java:49)
	at org.openqa.selenium.remote.HttpCommandExecutor.execute(HttpCommandExecutor.java:158)
	at org.openqa.selenium.remote.service.DriverCommandExecutor.execute(DriverCommandExecutor.java:83)
	at org.openqa.selenium.remote.RemoteWebDriver.execute(RemoteWebDriver.java:552)
	at org.openqa.selenium.remote.RemoteWebElement.execute(RemoteWebElement.java:285)
	at org.openqa.selenium.remote.RemoteWebElement.click(RemoteWebElement.java:84)
	at org.openqa.selenium.support.pagefactory.internal.LocatingElementHandler.invoke(LocatingElementHandler.java:51)
	at com.sun.proxy.$Proxy14.click(Unknown Source)
	at com.bhiman.main.UIKeywords.clickOnElement(UIKeywords.java:52)
	at com.bhiman.main.masters.Enquiry.clickOnCancelButton(Enquiry.java:148)
	at com.bhiman.test.masters.EnquiryTests.tc_invalid01(EnquiryTests.java:59)
	at java.base/java.util.ArrayList.forEach(ArrayList.java:1541)
... Removed 34 stack frames</pre></div><a href='#' onClick='toggleBox("stack-trace246903361", this, "Click to show all stack frames", "Click to hide stack frames")'>Click to show all stack frames</a>
<div class='stack-trace' id='stack-trace246903361'><pre>org.openqa.selenium.ElementNotInteractableException: element not interactable
  (Session info: chrome=88.0.4324.182)
Build info: version: &apos;3.141.59&apos;, revision: &apos;e82be7d358&apos;, time: &apos;2018-11-14T08:17:03&apos;
System info: host: &apos;DESKTOP-V8KH0U1&apos;, ip: &apos;192.168.0.103&apos;, os.name: &apos;Windows 10&apos;, os.arch: &apos;amd64&apos;, os.version: &apos;10.0&apos;, java.version: &apos;11.0.10&apos;
Driver info: org.openqa.selenium.chrome.ChromeDriver
Capabilities {acceptInsecureCerts: false, browserName: chrome, browserVersion: 88.0.4324.182, chrome: {chromedriverVersion: 88.0.4324.96 (68dba2d8a0b14..., userDataDir: C:\Users\Lenovo\AppData\Loc...}, goog:chromeOptions: {debuggerAddress: localhost:56829}, javascriptEnabled: true, networkConnectionEnabled: false, pageLoadStrategy: normal, platform: WINDOWS, platformName: WINDOWS, proxy: Proxy(), setWindowRect: true, strictFileInteractability: false, timeouts: {implicit: 0, pageLoad: 300000, script: 30000}, unhandledPromptBehavior: dismiss and notify, webauthn:extension:largeBlob: true, webauthn:virtualAuthenticators: true}
Session ID: f4fb784cac736897e0c1018aec672330
	at java.base/jdk.internal.reflect.NativeConstructorAccessorImpl.newInstance0(Native Method)
	at java.base/jdk.internal.reflect.NativeConstructorAccessorImpl.newInstance(NativeConstructorAccessorImpl.java:62)
	at java.base/jdk.internal.reflect.DelegatingConstructorAccessorImpl.newInstance(DelegatingConstructorAccessorImpl.java:45)
	at java.base/java.lang.reflect.Constructor.newInstance(Constructor.java:490)
	at org.openqa.selenium.remote.http.W3CHttpResponseCodec.createException(W3CHttpResponseCodec.java:187)
	at org.openqa.selenium.remote.http.W3CHttpResponseCodec.decode(W3CHttpResponseCodec.java:122)
	at org.openqa.selenium.remote.http.W3CHttpResponseCodec.decode(W3CHttpResponseCodec.java:49)
	at org.openqa.selenium.remote.HttpCommandExecutor.execute(HttpCommandExecutor.java:158)
	at org.openqa.selenium.remote.service.DriverCommandExecutor.execute(DriverCommandExecutor.java:83)
	at org.openqa.selenium.remote.RemoteWebDriver.execute(RemoteWebDriver.java:552)
	at org.openqa.selenium.remote.RemoteWebElement.execute(RemoteWebElement.java:285)
	at org.openqa.selenium.remote.RemoteWebElement.click(RemoteWebElement.java:84)
	at jdk.internal.reflect.GeneratedMethodAccessor22.invoke(Unknown Source)
	at java.base/jdk.internal.reflect.DelegatingMethodAccessorImpl.invoke(DelegatingMethodAccessorImpl.java:43)
	at java.base/java.lang.reflect.Method.invoke(Method.java:566)
	at org.openqa.selenium.support.pagefactory.internal.LocatingElementHandler.invoke(LocatingElementHandler.java:51)
	at com.sun.proxy.$Proxy14.click(Unknown Source)
	at com.bhiman.main.UIKeywords.clickOnElement(UIKeywords.java:52)
	at com.bhiman.main.masters.Enquiry.clickOnCancelButton(Enquiry.java:148)
	at com.bhiman.test.masters.EnquiryTests.tc_invalid01(EnquiryTests.java:59)
	at java.base/jdk.internal.reflect.NativeMethodAccessorImpl.invoke0(Native Method)
	at java.base/jdk.internal.reflect.NativeMethodAccessorImpl.invoke(NativeMethodAccessorImpl.java:62)
	at java.base/jdk.internal.reflect.DelegatingMethodAccessorImpl.invoke(DelegatingMethodAccessorImpl.java:43)
	at java.base/java.lang.reflect.Method.invoke(Method.java:566)
	at org.testng.internal.MethodInvocationHelper.invokeMethod(MethodInvocationHelper.java:132)
	at org.testng.internal.TestInvoker.invokeMethod(TestInvoker.java:599)
	at org.testng.internal.TestInvoker.invokeTestMethod(TestInvoker.java:174)
	at org.testng.internal.MethodRunner.runInSequence(MethodRunner.java:46)
	at org.testng.internal.TestInvoker$MethodInvocationAgent.invoke(TestInvoker.java:822)
	at org.testng.internal.TestInvoker.invokeTestMethods(TestInvoker.java:147)
	at org.testng.internal.TestMethodWorker.invokeTestMethods(TestMethodWorker.java:146)
	at org.testng.internal.TestMethodWorker.run(TestMethodWorker.java:128)
	at java.base/java.util.ArrayList.forEach(ArrayList.java:1541)
	at org.testng.TestRunner.privateRun(TestRunner.java:764)
	at org.testng.TestRunner.run(TestRunner.java:585)
	at org.testng.SuiteRunner.runTest(SuiteRunner.java:384)
	at org.testng.SuiteRunner.runSequentially(SuiteRunner.java:378)
	at org.testng.SuiteRunner.privateRun(SuiteRunner.java:337)
	at org.testng.SuiteRunner.run(SuiteRunner.java:286)
	at org.testng.SuiteRunnerWorker.runSuite(SuiteRunnerWorker.java:53)
	at org.testng.SuiteRunnerWorker.run(SuiteRunnerWorker.java:96)
	at org.testng.TestNG.runSuitesSequentially(TestNG.java:1218)
	at org.testng.TestNG.runSuitesLocally(TestNG.java:1140)
	at org.testng.TestNG.runSuites(TestNG.java:1069)
	at org.testng.TestNG.run(TestNG.java:1037)
	at org.testng.remote.AbstractRemoteTestNG.run(AbstractRemoteTestNG.java:115)
	at org.testng.remote.RemoteTestNG.initAndRun(RemoteTestNG.java:251)
	at org.testng.remote.RemoteTestNG.main(RemoteTestNG.java:77)
</pre></div></td>
<td>10</td>
<td>com.bhiman.test.masters.EnquiryTests@3899782c</td></tr>
<tr>
<td title='com.bhiman.test.masters.BanksTest.verifyClickOnDeleteIconAndClickOKOnAlert()'><b>verifyClickOnDeleteIconAndClickOKOnAlert</b><br>Test class: com.bhiman.test.masters.BanksTest<br>Test method: To verify and validate click on 'Delete' icon on Banks Data Table and accept alert.</td>
<td><div><pre>org.openqa.selenium.NoSuchElementException: no such element: Unable to locate element: {&quot;method&quot;:&quot;xpath&quot;,&quot;selector&quot;:&quot;//button[@class=&apos;btn btn-danger btn-border btn-rounded btn-xs deleteBtn&apos; and @data-id = &apos;68&apos;]&quot;}
  (Session info: chrome=88.0.4324.182)
For documentation on this error, please visit: https://www.seleniumhq.org/exceptions/no_such_element.html
Build info: version: &apos;3.141.59&apos;, revision: &apos;e82be7d358&apos;, time: &apos;2018-11-14T08:17:03&apos;
System info: host: &apos;DESKTOP-V8KH0U1&apos;, ip: &apos;192.168.0.103&apos;, os.name: &apos;Windows 10&apos;, os.arch: &apos;amd64&apos;, os.version: &apos;10.0&apos;, java.version: &apos;11.0.10&apos;
Driver info: org.openqa.selenium.chrome.ChromeDriver
Capabilities {acceptInsecureCerts: false, browserName: chrome, browserVersion: 88.0.4324.182, chrome: {chromedriverVersion: 88.0.4324.96 (68dba2d8a0b14..., userDataDir: C:\Users\Lenovo\AppData\Loc...}, goog:chromeOptions: {debuggerAddress: localhost:55849}, javascriptEnabled: true, networkConnectionEnabled: false, pageLoadStrategy: normal, platform: WINDOWS, platformName: WINDOWS, proxy: Proxy(), setWindowRect: true, strictFileInteractability: false, timeouts: {implicit: 0, pageLoad: 300000, script: 30000}, unhandledPromptBehavior: dismiss and notify, webauthn:extension:largeBlob: true, webauthn:virtualAuthenticators: true}
Session ID: 155210f86cd88d0934c3cd7fd53699af
*** Element info: {Using=xpath, value=//button[@class=&apos;btn btn-danger btn-border btn-rounded btn-xs deleteBtn&apos; and @data-id = &apos;68&apos;]}
	at org.openqa.selenium.remote.http.W3CHttpResponseCodec.createException(W3CHttpResponseCodec.java:187)
	at org.openqa.selenium.remote.http.W3CHttpResponseCodec.decode(W3CHttpResponseCodec.java:122)
	at org.openqa.selenium.remote.http.W3CHttpResponseCodec.decode(W3CHttpResponseCodec.java:49)
	at org.openqa.selenium.remote.HttpCommandExecutor.execute(HttpCommandExecutor.java:158)
	at org.openqa.selenium.remote.service.DriverCommandExecutor.execute(DriverCommandExecutor.java:83)
	at org.openqa.selenium.remote.RemoteWebDriver.execute(RemoteWebDriver.java:552)
	at org.openqa.selenium.remote.RemoteWebDriver.findElement(RemoteWebDriver.java:323)
	at org.openqa.selenium.remote.RemoteWebDriver.findElementByXPath(RemoteWebDriver.java:428)
	at org.openqa.selenium.By$ByXPath.findElement(By.java:353)
	at org.openqa.selenium.remote.RemoteWebDriver.findElement(RemoteWebDriver.java:315)
	at org.openqa.selenium.support.pagefactory.DefaultElementLocator.findElement(DefaultElementLocator.java:69)
	at org.openqa.selenium.support.pagefactory.internal.LocatingElementHandler.invoke(LocatingElementHandler.java:38)
	at com.sun.proxy.$Proxy14.click(Unknown Source)
	at com.bhiman.main.UIKeywords.clickOnElement(UIKeywords.java:52)
	at com.bhiman.main.masters.Banks.clickOnDeleteIcon(Banks.java:164)
	at com.bhiman.test.masters.BanksTest.verifyClickOnDeleteIconAndClickOKOnAlert(BanksTest.java:160)
	at java.base/java.util.ArrayList.forEach(ArrayList.java:1541)
... Removed 31 stack frames</pre></div><a href='#' onClick='toggleBox("stack-trace1757629874", this, "Click to show all stack frames", "Click to hide stack frames")'>Click to show all stack frames</a>
<div class='stack-trace' id='stack-trace1757629874'><pre>org.openqa.selenium.NoSuchElementException: no such element: Unable to locate element: {&quot;method&quot;:&quot;xpath&quot;,&quot;selector&quot;:&quot;//button[@class=&apos;btn btn-danger btn-border btn-rounded btn-xs deleteBtn&apos; and @data-id = &apos;68&apos;]&quot;}
  (Session info: chrome=88.0.4324.182)
For documentation on this error, please visit: https://www.seleniumhq.org/exceptions/no_such_element.html
Build info: version: &apos;3.141.59&apos;, revision: &apos;e82be7d358&apos;, time: &apos;2018-11-14T08:17:03&apos;
System info: host: &apos;DESKTOP-V8KH0U1&apos;, ip: &apos;192.168.0.103&apos;, os.name: &apos;Windows 10&apos;, os.arch: &apos;amd64&apos;, os.version: &apos;10.0&apos;, java.version: &apos;11.0.10&apos;
Driver info: org.openqa.selenium.chrome.ChromeDriver
Capabilities {acceptInsecureCerts: false, browserName: chrome, browserVersion: 88.0.4324.182, chrome: {chromedriverVersion: 88.0.4324.96 (68dba2d8a0b14..., userDataDir: C:\Users\Lenovo\AppData\Loc...}, goog:chromeOptions: {debuggerAddress: localhost:55849}, javascriptEnabled: true, networkConnectionEnabled: false, pageLoadStrategy: normal, platform: WINDOWS, platformName: WINDOWS, proxy: Proxy(), setWindowRect: true, strictFileInteractability: false, timeouts: {implicit: 0, pageLoad: 300000, script: 30000}, unhandledPromptBehavior: dismiss and notify, webauthn:extension:largeBlob: true, webauthn:virtualAuthenticators: true}
Session ID: 155210f86cd88d0934c3cd7fd53699af
*** Element info: {Using=xpath, value=//button[@class=&apos;btn btn-danger btn-border btn-rounded btn-xs deleteBtn&apos; and @data-id = &apos;68&apos;]}
	at java.base/jdk.internal.reflect.NativeConstructorAccessorImpl.newInstance0(Native Method)
	at java.base/jdk.internal.reflect.NativeConstructorAccessorImpl.newInstance(NativeConstructorAccessorImpl.java:62)
	at java.base/jdk.internal.reflect.DelegatingConstructorAccessorImpl.newInstance(DelegatingConstructorAccessorImpl.java:45)
	at java.base/java.lang.reflect.Constructor.newInstance(Constructor.java:490)
	at org.openqa.selenium.remote.http.W3CHttpResponseCodec.createException(W3CHttpResponseCodec.java:187)
	at org.openqa.selenium.remote.http.W3CHttpResponseCodec.decode(W3CHttpResponseCodec.java:122)
	at org.openqa.selenium.remote.http.W3CHttpResponseCodec.decode(W3CHttpResponseCodec.java:49)
	at org.openqa.selenium.remote.HttpCommandExecutor.execute(HttpCommandExecutor.java:158)
	at org.openqa.selenium.remote.service.DriverCommandExecutor.execute(DriverCommandExecutor.java:83)
	at org.openqa.selenium.remote.RemoteWebDriver.execute(RemoteWebDriver.java:552)
	at org.openqa.selenium.remote.RemoteWebDriver.findElement(RemoteWebDriver.java:323)
	at org.openqa.selenium.remote.RemoteWebDriver.findElementByXPath(RemoteWebDriver.java:428)
	at org.openqa.selenium.By$ByXPath.findElement(By.java:353)
	at org.openqa.selenium.remote.RemoteWebDriver.findElement(RemoteWebDriver.java:315)
	at org.openqa.selenium.support.pagefactory.DefaultElementLocator.findElement(DefaultElementLocator.java:69)
	at org.openqa.selenium.support.pagefactory.internal.LocatingElementHandler.invoke(LocatingElementHandler.java:38)
	at com.sun.proxy.$Proxy14.click(Unknown Source)
	at com.bhiman.main.UIKeywords.clickOnElement(UIKeywords.java:52)
	at com.bhiman.main.masters.Banks.clickOnDeleteIcon(Banks.java:164)
	at com.bhiman.test.masters.BanksTest.verifyClickOnDeleteIconAndClickOKOnAlert(BanksTest.java:160)
	at java.base/jdk.internal.reflect.NativeMethodAccessorImpl.invoke0(Native Method)
	at java.base/jdk.internal.reflect.NativeMethodAccessorImpl.invoke(NativeMethodAccessorImpl.java:62)
	at java.base/jdk.internal.reflect.DelegatingMethodAccessorImpl.invoke(DelegatingMethodAccessorImpl.java:43)
	at java.base/java.lang.reflect.Method.invoke(Method.java:566)
	at org.testng.internal.MethodInvocationHelper.invokeMethod(MethodInvocationHelper.java:132)
	at org.testng.internal.TestInvoker.invokeMethod(TestInvoker.java:599)
	at org.testng.internal.TestInvoker.invokeTestMethod(TestInvoker.java:174)
	at org.testng.internal.MethodRunner.runInSequence(MethodRunner.java:46)
	at org.testng.internal.TestInvoker$MethodInvocationAgent.invoke(TestInvoker.java:822)
	at org.testng.internal.TestInvoker.invokeTestMethods(TestInvoker.java:147)
	at org.testng.internal.TestMethodWorker.invokeTestMethods(TestMethodWorker.java:146)
	at org.testng.internal.TestMethodWorker.run(TestMethodWorker.java:128)
	at java.base/java.util.ArrayList.forEach(ArrayList.java:1541)
	at org.testng.TestRunner.privateRun(TestRunner.java:764)
	at org.testng.TestRunner.run(TestRunner.java:585)
	at org.testng.SuiteRunner.runTest(SuiteRunner.java:384)
	at org.testng.SuiteRunner.runSequentially(SuiteRunner.java:378)
	at org.testng.SuiteRunner.privateRun(SuiteRunner.java:337)
	at org.testng.SuiteRunner.run(SuiteRunner.java:286)
	at org.testng.SuiteRunnerWorker.runSuite(SuiteRunnerWorker.java:53)
	at org.testng.SuiteRunnerWorker.run(SuiteRunnerWorker.java:96)
	at org.testng.TestNG.runSuitesSequentially(TestNG.java:1218)
	at org.testng.TestNG.runSuitesLocally(TestNG.java:1140)
	at org.testng.TestNG.runSuites(TestNG.java:1069)
	at org.testng.TestNG.run(TestNG.java:1037)
	at org.testng.remote.AbstractRemoteTestNG.run(AbstractRemoteTestNG.java:115)
	at org.testng.remote.RemoteTestNG.initAndRun(RemoteTestNG.java:251)
	at org.testng.remote.RemoteTestNG.main(RemoteTestNG.java:77)
</pre></div></td>
<td>4</td>
<td>com.bhiman.test.masters.BanksTest@1e461e41</td></tr>
<tr>
<td title='com.bhiman.test.masters.BanksTest.verifyClickOnEditIcon()'><b>verifyClickOnEditIcon</b><br>Test class: com.bhiman.test.masters.BanksTest<br>Test method: To verify and validate click on 'Edit' icon on Banks Data Table.</td>
<td><div><pre>org.openqa.selenium.NoSuchElementException: no such element: Unable to locate element: {&quot;method&quot;:&quot;xpath&quot;,&quot;selector&quot;:&quot;//button[@class=&apos;btn btn-primary btn-border btn-rounded btn-xs editBtn&apos; and @data-id = &apos;68&apos;]&quot;}
  (Session info: chrome=88.0.4324.182)
For documentation on this error, please visit: https://www.seleniumhq.org/exceptions/no_such_element.html
Build info: version: &apos;3.141.59&apos;, revision: &apos;e82be7d358&apos;, time: &apos;2018-11-14T08:17:03&apos;
System info: host: &apos;DESKTOP-V8KH0U1&apos;, ip: &apos;192.168.0.103&apos;, os.name: &apos;Windows 10&apos;, os.arch: &apos;amd64&apos;, os.version: &apos;10.0&apos;, java.version: &apos;11.0.10&apos;
Driver info: org.openqa.selenium.chrome.ChromeDriver
Capabilities {acceptInsecureCerts: false, browserName: chrome, browserVersion: 88.0.4324.182, chrome: {chromedriverVersion: 88.0.4324.96 (68dba2d8a0b14..., userDataDir: C:\Users\Lenovo\AppData\Loc...}, goog:chromeOptions: {debuggerAddress: localhost:55891}, javascriptEnabled: true, networkConnectionEnabled: false, pageLoadStrategy: normal, platform: WINDOWS, platformName: WINDOWS, proxy: Proxy(), setWindowRect: true, strictFileInteractability: false, timeouts: {implicit: 0, pageLoad: 300000, script: 30000}, unhandledPromptBehavior: dismiss and notify, webauthn:extension:largeBlob: true, webauthn:virtualAuthenticators: true}
Session ID: e97b43b1058b99e8243efe812b140210
*** Element info: {Using=xpath, value=//button[@class=&apos;btn btn-primary btn-border btn-rounded btn-xs editBtn&apos; and @data-id = &apos;68&apos;]}
	at org.openqa.selenium.remote.http.W3CHttpResponseCodec.createException(W3CHttpResponseCodec.java:187)
	at org.openqa.selenium.remote.http.W3CHttpResponseCodec.decode(W3CHttpResponseCodec.java:122)
	at org.openqa.selenium.remote.http.W3CHttpResponseCodec.decode(W3CHttpResponseCodec.java:49)
	at org.openqa.selenium.remote.HttpCommandExecutor.execute(HttpCommandExecutor.java:158)
	at org.openqa.selenium.remote.service.DriverCommandExecutor.execute(DriverCommandExecutor.java:83)
	at org.openqa.selenium.remote.RemoteWebDriver.execute(RemoteWebDriver.java:552)
	at org.openqa.selenium.remote.RemoteWebDriver.findElement(RemoteWebDriver.java:323)
	at org.openqa.selenium.remote.RemoteWebDriver.findElementByXPath(RemoteWebDriver.java:428)
	at org.openqa.selenium.By$ByXPath.findElement(By.java:353)
	at org.openqa.selenium.remote.RemoteWebDriver.findElement(RemoteWebDriver.java:315)
	at org.openqa.selenium.support.pagefactory.DefaultElementLocator.findElement(DefaultElementLocator.java:69)
	at org.openqa.selenium.support.pagefactory.internal.LocatingElementHandler.invoke(LocatingElementHandler.java:38)
	at com.sun.proxy.$Proxy14.click(Unknown Source)
	at com.bhiman.main.UIKeywords.clickOnElement(UIKeywords.java:52)
	at com.bhiman.main.masters.Banks.clickOnEditIcon(Banks.java:158)
	at com.bhiman.test.masters.BanksTest.verifyClickOnEditIcon(BanksTest.java:138)
	at java.base/java.util.ArrayList.forEach(ArrayList.java:1541)
... Removed 31 stack frames</pre></div><a href='#' onClick='toggleBox("stack-trace420502151", this, "Click to show all stack frames", "Click to hide stack frames")'>Click to show all stack frames</a>
<div class='stack-trace' id='stack-trace420502151'><pre>org.openqa.selenium.NoSuchElementException: no such element: Unable to locate element: {&quot;method&quot;:&quot;xpath&quot;,&quot;selector&quot;:&quot;//button[@class=&apos;btn btn-primary btn-border btn-rounded btn-xs editBtn&apos; and @data-id = &apos;68&apos;]&quot;}
  (Session info: chrome=88.0.4324.182)
For documentation on this error, please visit: https://www.seleniumhq.org/exceptions/no_such_element.html
Build info: version: &apos;3.141.59&apos;, revision: &apos;e82be7d358&apos;, time: &apos;2018-11-14T08:17:03&apos;
System info: host: &apos;DESKTOP-V8KH0U1&apos;, ip: &apos;192.168.0.103&apos;, os.name: &apos;Windows 10&apos;, os.arch: &apos;amd64&apos;, os.version: &apos;10.0&apos;, java.version: &apos;11.0.10&apos;
Driver info: org.openqa.selenium.chrome.ChromeDriver
Capabilities {acceptInsecureCerts: false, browserName: chrome, browserVersion: 88.0.4324.182, chrome: {chromedriverVersion: 88.0.4324.96 (68dba2d8a0b14..., userDataDir: C:\Users\Lenovo\AppData\Loc...}, goog:chromeOptions: {debuggerAddress: localhost:55891}, javascriptEnabled: true, networkConnectionEnabled: false, pageLoadStrategy: normal, platform: WINDOWS, platformName: WINDOWS, proxy: Proxy(), setWindowRect: true, strictFileInteractability: false, timeouts: {implicit: 0, pageLoad: 300000, script: 30000}, unhandledPromptBehavior: dismiss and notify, webauthn:extension:largeBlob: true, webauthn:virtualAuthenticators: true}
Session ID: e97b43b1058b99e8243efe812b140210
*** Element info: {Using=xpath, value=//button[@class=&apos;btn btn-primary btn-border btn-rounded btn-xs editBtn&apos; and @data-id = &apos;68&apos;]}
	at java.base/jdk.internal.reflect.NativeConstructorAccessorImpl.newInstance0(Native Method)
	at java.base/jdk.internal.reflect.NativeConstructorAccessorImpl.newInstance(NativeConstructorAccessorImpl.java:62)
	at java.base/jdk.internal.reflect.DelegatingConstructorAccessorImpl.newInstance(DelegatingConstructorAccessorImpl.java:45)
	at java.base/java.lang.reflect.Constructor.newInstance(Constructor.java:490)
	at org.openqa.selenium.remote.http.W3CHttpResponseCodec.createException(W3CHttpResponseCodec.java:187)
	at org.openqa.selenium.remote.http.W3CHttpResponseCodec.decode(W3CHttpResponseCodec.java:122)
	at org.openqa.selenium.remote.http.W3CHttpResponseCodec.decode(W3CHttpResponseCodec.java:49)
	at org.openqa.selenium.remote.HttpCommandExecutor.execute(HttpCommandExecutor.java:158)
	at org.openqa.selenium.remote.service.DriverCommandExecutor.execute(DriverCommandExecutor.java:83)
	at org.openqa.selenium.remote.RemoteWebDriver.execute(RemoteWebDriver.java:552)
	at org.openqa.selenium.remote.RemoteWebDriver.findElement(RemoteWebDriver.java:323)
	at org.openqa.selenium.remote.RemoteWebDriver.findElementByXPath(RemoteWebDriver.java:428)
	at org.openqa.selenium.By$ByXPath.findElement(By.java:353)
	at org.openqa.selenium.remote.RemoteWebDriver.findElement(RemoteWebDriver.java:315)
	at org.openqa.selenium.support.pagefactory.DefaultElementLocator.findElement(DefaultElementLocator.java:69)
	at org.openqa.selenium.support.pagefactory.internal.LocatingElementHandler.invoke(LocatingElementHandler.java:38)
	at com.sun.proxy.$Proxy14.click(Unknown Source)
	at com.bhiman.main.UIKeywords.clickOnElement(UIKeywords.java:52)
	at com.bhiman.main.masters.Banks.clickOnEditIcon(Banks.java:158)
	at com.bhiman.test.masters.BanksTest.verifyClickOnEditIcon(BanksTest.java:138)
	at java.base/jdk.internal.reflect.NativeMethodAccessorImpl.invoke0(Native Method)
	at java.base/jdk.internal.reflect.NativeMethodAccessorImpl.invoke(NativeMethodAccessorImpl.java:62)
	at java.base/jdk.internal.reflect.DelegatingMethodAccessorImpl.invoke(DelegatingMethodAccessorImpl.java:43)
	at java.base/java.lang.reflect.Method.invoke(Method.java:566)
	at org.testng.internal.MethodInvocationHelper.invokeMethod(MethodInvocationHelper.java:132)
	at org.testng.internal.TestInvoker.invokeMethod(TestInvoker.java:599)
	at org.testng.internal.TestInvoker.invokeTestMethod(TestInvoker.java:174)
	at org.testng.internal.MethodRunner.runInSequence(MethodRunner.java:46)
	at org.testng.internal.TestInvoker$MethodInvocationAgent.invoke(TestInvoker.java:822)
	at org.testng.internal.TestInvoker.invokeTestMethods(TestInvoker.java:147)
	at org.testng.internal.TestMethodWorker.invokeTestMethods(TestMethodWorker.java:146)
	at org.testng.internal.TestMethodWorker.run(TestMethodWorker.java:128)
	at java.base/java.util.ArrayList.forEach(ArrayList.java:1541)
	at org.testng.TestRunner.privateRun(TestRunner.java:764)
	at org.testng.TestRunner.run(TestRunner.java:585)
	at org.testng.SuiteRunner.runTest(SuiteRunner.java:384)
	at org.testng.SuiteRunner.runSequentially(SuiteRunner.java:378)
	at org.testng.SuiteRunner.privateRun(SuiteRunner.java:337)
	at org.testng.SuiteRunner.run(SuiteRunner.java:286)
	at org.testng.SuiteRunnerWorker.runSuite(SuiteRunnerWorker.java:53)
	at org.testng.SuiteRunnerWorker.run(SuiteRunnerWorker.java:96)
	at org.testng.TestNG.runSuitesSequentially(TestNG.java:1218)
	at org.testng.TestNG.runSuitesLocally(TestNG.java:1140)
	at org.testng.TestNG.runSuites(TestNG.java:1069)
	at org.testng.TestNG.run(TestNG.java:1037)
	at org.testng.remote.AbstractRemoteTestNG.run(AbstractRemoteTestNG.java:115)
	at org.testng.remote.RemoteTestNG.initAndRun(RemoteTestNG.java:251)
	at org.testng.remote.RemoteTestNG.main(RemoteTestNG.java:77)
</pre></div></td>
<td>4</td>
<td>com.bhiman.test.masters.BanksTest@1e461e41</td></tr>
<tr>
<td title='com.bhiman.test.masters.BanksTest.verifyClickOnViewBankButton()'><b>verifyClickOnViewBankButton</b><br>Test class: com.bhiman.test.masters.BanksTest<br>Test method: To verify and validate click on 'View Bank' buttton.</td>
<td><div><pre>java.lang.AssertionError: expected [http://103.50.162.196/testing/bank.php#] but found [http://103.50.162.196/testing/index.php]
	at com.bhiman.test.masters.BanksTest.verifyClickOnViewBankButton(BanksTest.java:255)
	at java.base/java.util.ArrayList.forEach(ArrayList.java:1541)
... Removed 33 stack frames</pre></div><a href='#' onClick='toggleBox("stack-trace355520754", this, "Click to show all stack frames", "Click to hide stack frames")'>Click to show all stack frames</a>
<div class='stack-trace' id='stack-trace355520754'><pre>java.lang.AssertionError: expected [http://103.50.162.196/testing/bank.php#] but found [http://103.50.162.196/testing/index.php]
	at org.testng.Assert.fail(Assert.java:99)
	at org.testng.Assert.failNotEquals(Assert.java:1037)
	at org.testng.Assert.assertEqualsImpl(Assert.java:140)
	at org.testng.Assert.assertEquals(Assert.java:122)
	at org.testng.Assert.assertEquals(Assert.java:629)
	at org.testng.Assert.assertEquals(Assert.java:639)
	at com.bhiman.test.masters.BanksTest.verifyClickOnViewBankButton(BanksTest.java:255)
	at java.base/jdk.internal.reflect.NativeMethodAccessorImpl.invoke0(Native Method)
	at java.base/jdk.internal.reflect.NativeMethodAccessorImpl.invoke(NativeMethodAccessorImpl.java:62)
	at java.base/jdk.internal.reflect.DelegatingMethodAccessorImpl.invoke(DelegatingMethodAccessorImpl.java:43)
	at java.base/java.lang.reflect.Method.invoke(Method.java:566)
	at org.testng.internal.MethodInvocationHelper.invokeMethod(MethodInvocationHelper.java:132)
	at org.testng.internal.TestInvoker.invokeMethod(TestInvoker.java:599)
	at org.testng.internal.TestInvoker.invokeTestMethod(TestInvoker.java:174)
	at org.testng.internal.MethodRunner.runInSequence(MethodRunner.java:46)
	at org.testng.internal.TestInvoker$MethodInvocationAgent.invoke(TestInvoker.java:822)
	at org.testng.internal.TestInvoker.invokeTestMethods(TestInvoker.java:147)
	at org.testng.internal.TestMethodWorker.invokeTestMethods(TestMethodWorker.java:146)
	at org.testng.internal.TestMethodWorker.run(TestMethodWorker.java:128)
	at java.base/java.util.ArrayList.forEach(ArrayList.java:1541)
	at org.testng.TestRunner.privateRun(TestRunner.java:764)
	at org.testng.TestRunner.run(TestRunner.java:585)
	at org.testng.SuiteRunner.runTest(SuiteRunner.java:384)
	at org.testng.SuiteRunner.runSequentially(SuiteRunner.java:378)
	at org.testng.SuiteRunner.privateRun(SuiteRunner.java:337)
	at org.testng.SuiteRunner.run(SuiteRunner.java:286)
	at org.testng.SuiteRunnerWorker.runSuite(SuiteRunnerWorker.java:53)
	at org.testng.SuiteRunnerWorker.run(SuiteRunnerWorker.java:96)
	at org.testng.TestNG.runSuitesSequentially(TestNG.java:1218)
	at org.testng.TestNG.runSuitesLocally(TestNG.java:1140)
	at org.testng.TestNG.runSuites(TestNG.java:1069)
	at org.testng.TestNG.run(TestNG.java:1037)
	at org.testng.remote.AbstractRemoteTestNG.run(AbstractRemoteTestNG.java:115)
	at org.testng.remote.RemoteTestNG.initAndRun(RemoteTestNG.java:251)
	at org.testng.remote.RemoteTestNG.main(RemoteTestNG.java:77)
</pre></div></td>
<td>0</td>
<td>com.bhiman.test.masters.BanksTest@1e461e41</td></tr>
</table><p>
<table width='100%' border='1' class='invocation-passed'>
<tr><td colspan='4' align='center'><b>PASSED TESTS</b></td></tr>
<tr><td><b>Test method</b></td>
<td width="30%"><b>Exception</b></td>
<td width="10%"><b>Time (seconds)</b></td>
<td><b>Instance</b></td>
</tr>
<tr>
<td title='com.bhiman.test.masters.BrokersTest.clickOnCopyBtnOnBroker()'><b>clickOnCopyBtnOnBroker</b><br>Test class: com.bhiman.test.masters.BrokersTest<br>Test method: Clicking on Copy Button</td>
<td></td>
<td>8</td>
<td>com.bhiman.test.masters.BrokersTest@56928307</td></tr>
<tr>
<td title='com.bhiman.test.masters.BrokersTest.clickOnExcelBtn()'><b>clickOnExcelBtn</b><br>Test class: com.bhiman.test.masters.BrokersTest<br>Test method: Clicking on Excel Button</td>
<td></td>
<td>10</td>
<td>com.bhiman.test.masters.BrokersTest@56928307</td></tr>
<tr>
<td title='com.bhiman.test.masters.BrokersTest.clickOnPDFBtn()'><b>clickOnPDFBtn</b><br>Test class: com.bhiman.test.masters.BrokersTest<br>Test method: Clicking on PDF Button</td>
<td></td>
<td>11</td>
<td>com.bhiman.test.masters.BrokersTest@56928307</td></tr>
<tr>
<td title='com.bhiman.test.masters.BrokersTest.clickOnPrintBtn()'><b>clickOnPrintBtn</b><br>Test class: com.bhiman.test.masters.BrokersTest<br>Test method: Clicking on Print Button</td>
<td></td>
<td>11</td>
<td>com.bhiman.test.masters.BrokersTest@56928307</td></tr>
<tr>
<td title='com.bhiman.test.masters.BrokersTest.clickOnViewBrokers()'><b>clickOnViewBrokers</b><br>Test class: com.bhiman.test.masters.BrokersTest<br>Test method: Clicking on View Broker Button after clicked on Add Broker</td>
<td></td>
<td>9</td>
<td>com.bhiman.test.masters.BrokersTest@56928307</td></tr>
<tr>
<td title='com.bhiman.test.masters.BrokersTest.clickingOnBrokersPageFromMasters()'><b>clickingOnBrokersPageFromMasters</b><br>Test class: com.bhiman.test.masters.BrokersTest<br>Test method: To verify functionality of Add Broker option. </td>
<td></td>
<td>8</td>
<td>com.bhiman.test.masters.BrokersTest@56928307</td></tr>
<tr>
<td title='com.bhiman.test.masters.EnquiryTests.tc_01()'><b>tc_01</b><br>Test class: com.bhiman.test.masters.EnquiryTests</td>
<td></td>
<td>17</td>
<td>com.bhiman.test.masters.EnquiryTests@3899782c</td></tr>
<tr>
<td title='com.bhiman.test.masters.EnquiryTests.tc_05()'><b>tc_05</b><br>Test class: com.bhiman.test.masters.EnquiryTests</td>
<td></td>
<td>4</td>
<td>com.bhiman.test.masters.EnquiryTests@3899782c</td></tr>
<tr>
<td title='com.bhiman.test.masters.BrokersTest.toCheckBrokersOption()'><b>toCheckBrokersOption</b><br>Test class: com.bhiman.test.masters.BrokersTest<br>Test method: To verify whether 'Brokers' option is visible and clickable in Masters Tab or not.</td>
<td></td>
<td>5</td>
<td>com.bhiman.test.masters.BrokersTest@56928307</td></tr>
<tr>
<td title='com.bhiman.test.masters.BanksTest.verifyAccountName()'><b>verifyAccountName</b><br>Test class: com.bhiman.test.masters.BanksTest<br>Test method: To verify and validate the 'Account Name' to accept input only small and big alphabets.</td>
<td></td>
<td>0</td>
<td>com.bhiman.test.masters.BanksTest@1e461e41</td></tr>
<tr>
<td title='com.bhiman.test.masters.BanksTest.verifyAccountNo()'><b>verifyAccountNo</b><br>Test class: com.bhiman.test.masters.BanksTest<br>Test method: To verify and validate the 'Account No.' to accept input as 5 and more than 5 digits.</td>
<td></td>
<td>0</td>
<td>com.bhiman.test.masters.BanksTest@1e461e41</td></tr>
<tr>
<td title='com.bhiman.test.masters.BanksTest.verifyBankAccountTypeToSelectCurrent()'><b>verifyBankAccountTypeToSelectCurrent</b><br>Test class: com.bhiman.test.masters.BanksTest<br>Test method: To verify and validate the 'Bank Account Type' to select 'Current'.</td>
<td></td>
<td>0</td>
<td>com.bhiman.test.masters.BanksTest@1e461e41</td></tr>
<tr>
<td title='com.bhiman.test.masters.BanksTest.verifyBankAccountTypeToSelectSavings()'><b>verifyBankAccountTypeToSelectSavings</b><br>Test class: com.bhiman.test.masters.BanksTest<br>Test method: To verify and validate the 'Bank Account Type' to select 'Savings'.</td>
<td></td>
<td>0</td>
<td>com.bhiman.test.masters.BanksTest@1e461e41</td></tr>
<tr>
<td title='com.bhiman.test.masters.BanksTest.verifyBankName()'><b>verifyBankName</b><br>Test class: com.bhiman.test.masters.BanksTest<br>Test method: To verify and validate the 'Bank Name' to accept input only small and big alphabets.</td>
<td></td>
<td>4</td>
<td>com.bhiman.test.masters.BanksTest@1e461e41</td></tr>
<tr>
<td title='com.bhiman.test.masters.BanksTest.verifyBanksInMasters()'><b>verifyBanksInMasters</b><br>Test class: com.bhiman.test.masters.BanksTest<br>Test method: To verify and validate 'Banks' option in 'Masters'.</td>
<td></td>
<td>2</td>
<td>com.bhiman.test.masters.BanksTest@1e461e41</td></tr>
<tr>
<td title='com.bhiman.test.masters.BanksTest.verifyClickOnAddBankButton()'><b>verifyClickOnAddBankButton</b><br>Test class: com.bhiman.test.masters.BanksTest<br>Test method: To verify and validate click on 'Add Bank' buttton.</td>
<td></td>
<td>4</td>
<td>com.bhiman.test.masters.BanksTest@1e461e41</td></tr>
<tr>
<td title='com.bhiman.test.masters.BanksTest.verifyClickOnBanksInMasters()'><b>verifyClickOnBanksInMasters</b><br>Test class: com.bhiman.test.masters.BanksTest<br>Test method: To verify and validate after click on 'Banks' option in 'Masters'</td>
<td></td>
<td>3</td>
<td>com.bhiman.test.masters.BanksTest@1e461e41</td></tr>
<tr>
<td title='com.bhiman.test.masters.BanksTest.verifyClickOnCSVButton()'><b>verifyClickOnCSVButton</b><br>Test class: com.bhiman.test.masters.BanksTest<br>Test method: To verify and validate click on 'CSV' button.</td>
<td></td>
<td>6</td>
<td>com.bhiman.test.masters.BanksTest@1e461e41</td></tr>
<tr>
<td title='com.bhiman.test.masters.BanksTest.verifyClickOnCopyButton()'><b>verifyClickOnCopyButton</b><br>Test class: com.bhiman.test.masters.BanksTest<br>Test method: To verify and validate click on 'Copy' button.</td>
<td></td>
<td>4</td>
<td>com.bhiman.test.masters.BanksTest@1e461e41</td></tr>
<tr>
<td title='com.bhiman.test.masters.UsersTest.verifyClickOnCopyButton()'><b>verifyClickOnCopyButton</b><br>Test class: com.bhiman.test.masters.UsersTest</td>
<td></td>
<td>1</td>
<td>com.bhiman.test.masters.UsersTest@5ba88be8</td></tr>
<tr>
<td title='com.bhiman.test.masters.BanksTest.verifyClickOnDeleteIcon()'><b>verifyClickOnDeleteIcon</b><br>Test class: com.bhiman.test.masters.BanksTest<br>Test method: To verify and validate click on 'Delete' icon on Banks Data Table.</td>
<td></td>
<td>4</td>
<td>com.bhiman.test.masters.BanksTest@1e461e41</td></tr>
<tr>
<td title='com.bhiman.test.masters.BanksTest.verifyClickOnDeleteIconAndClickCancelOnAlert()'><b>verifyClickOnDeleteIconAndClickCancelOnAlert</b><br>Test class: com.bhiman.test.masters.BanksTest<br>Test method: To verify and validate click on 'Delete' icon on Banks Data Table and dismiss alert.</td>
<td></td>
<td>3</td>
<td>com.bhiman.test.masters.BanksTest@1e461e41</td></tr>
<tr>
<td title='com.bhiman.test.masters.BanksTest.verifyClickOnExcelButton()'><b>verifyClickOnExcelButton</b><br>Test class: com.bhiman.test.masters.BanksTest<br>Test method: To verify and validate click on 'Excel' button.</td>
<td></td>
<td>6</td>
<td>com.bhiman.test.masters.BanksTest@1e461e41</td></tr>
<tr>
<td title='com.bhiman.test.masters.UsersTest.verifyClickOnExcelButton()'><b>verifyClickOnExcelButton</b><br>Test class: com.bhiman.test.masters.UsersTest</td>
<td></td>
<td>1</td>
<td>com.bhiman.test.masters.UsersTest@5ba88be8</td></tr>
<tr>
<td title='com.bhiman.test.masters.BanksTest.verifyClickOnPDFButton()'><b>verifyClickOnPDFButton</b><br>Test class: com.bhiman.test.masters.BanksTest<br>Test method: To verify and validate click on 'PDF' button.</td>
<td></td>
<td>7</td>
<td>com.bhiman.test.masters.BanksTest@1e461e41</td></tr>
<tr>
<td title='com.bhiman.test.masters.BanksTest.verifyClickOnPrintButton()'><b>verifyClickOnPrintButton</b><br>Test class: com.bhiman.test.masters.BanksTest<br>Test method: To verify and validate click on 'Print' button.</td>
<td></td>
<td>4</td>
<td>com.bhiman.test.masters.BanksTest@1e461e41</td></tr>
<tr>
<td title='com.bhiman.test.masters.BanksTest.verifyIFSCCode()'><b>verifyIFSCCode</b><br>Test class: com.bhiman.test.masters.BanksTest<br>Test method: To verify and validate the 'IFSC Code' to accept input as alphanumeric values min = 8 and max = 12.</td>
<td></td>
<td>0</td>
<td>com.bhiman.test.masters.BanksTest@1e461e41</td></tr>
<tr>
<td title='com.bhiman.test.masters.BanksTest.verifyMICRCode()'><b>verifyMICRCode</b><br>Test class: com.bhiman.test.masters.BanksTest<br>Test method: To verify and validate the 'MICR Code' to accept input as only 9 alphanumeric values.</td>
<td></td>
<td>0</td>
<td>com.bhiman.test.masters.BanksTest@1e461e41</td></tr>
<tr>
<td title='com.bhiman.test.masters.BanksTest.verifySearchBoxWithInValidText()'><b>verifySearchBoxWithInValidText</b><br>Test class: com.bhiman.test.masters.BanksTest<br>Test method: To verify and validate search box field with invalid input (text).</td>
<td></td>
<td>4</td>
<td>com.bhiman.test.masters.BanksTest@1e461e41</td></tr>
<tr>
<td title='com.bhiman.test.masters.BanksTest.verifySearchBoxWithValidText()'><b>verifySearchBoxWithValidText</b><br>Test class: com.bhiman.test.masters.BanksTest<br>Test method: To verify and validate search box field with valid input (text).</td>
<td></td>
<td>4</td>
<td>com.bhiman.test.masters.BanksTest@1e461e41</td></tr>
<tr>
<td title='com.bhiman.test.masters.UsersTest.verifyUsersInMasters()'><b>verifyUsersInMasters</b><br>Test class: com.bhiman.test.masters.UsersTest</td>
<td></td>
<td>2</td>
<td>com.bhiman.test.masters.UsersTest@5ba88be8</td></tr>
<tr>
<td title='com.bhiman.test.masters.UsersTest.verifyaddUserinUsers()'><b>verifyaddUserinUsers</b><br>Test class: com.bhiman.test.masters.UsersTest</td>
<td></td>
<td>1</td>
<td>com.bhiman.test.masters.UsersTest@5ba88be8</td></tr>
</table><p>
</body>
</html>